<?xml version="1.0" encoding="UTF-8"?>
<testng-results ignored="0" total="1" passed="1" failed="0" skipped="0">
  <reporter-output>
  </reporter-output>
  <suite started-at="2026-03-10T22:59:56 IST" name="Default suite" finished-at="2026-03-10T23:00:06 IST" duration-ms="10314">
    <groups>
    </groups>
    <test started-at="2026-03-10T22:59:56 IST" name="Default test" finished-at="2026-03-10T23:00:06 IST" duration-ms="10314">
      <class name="com.example.tests.tests.LoginTest">
        <test-method is-config="true" signature="setUp()[pri:0, instance:com.example.tests.tests.LoginTest@4c168660]" started-at="2026-03-10T22:59:56 IST" name="setUp" finished-at="2026-03-10T23:00:04 IST" duration-ms="7514" status="PASS">
          <reporter-output>
          </reporter-output>
        </test-method> <!-- setUp -->
        <test-method signature="validLoginTest()[pri:0, instance:com.example.tests.tests.LoginTest@4c168660]" started-at="2026-03-10T23:00:04 IST" name="validLoginTest" finished-at="2026-03-10T23:00:05 IST" duration-ms="1136" status="PASS">
          <reporter-output>
          </reporter-output>
        </test-method> <!-- validLoginTest -->
        <test-method is-config="true" signature="tearDown()[pri:0, instance:com.example.tests.tests.LoginTest@4c168660]" started-at="2026-03-10T23:00:05 IST" name="tearDown" finished-at="2026-03-10T23:00:06 IST" duration-ms="1050" status="PASS">
          <reporter-output>
          </reporter-output>
        </test-method> <!-- tearDown -->
      </class> <!-- com.example.tests.tests.LoginTest -->
    </test> <!-- Default test -->
  </suite> <!-- Default suite -->
</testng-results>
